# JRE version: Java(TM) SE Runtime Environment (8.0_231-b11) (build 1.8.0_231-b11)
# Java VM: Java HotSpot(TM) 64-Bit Server VM (25.231-b11 mixed mode windows-amd64 compressed oops)
Heap:
 PSYoungGen      total 355328K, used 192019K [0x00000000e0000000, 0x00000000f8a00000, 0x0000000100000000)
  eden space 307200K, 53% used [0x00000000e0000000,0x00000000ea1d06a0,0x00000000f2c00000)
  from space 48128K, 54% used [0x00000000f5980000,0x00000000f7334930,0x00000000f8880000)
  to   space 46592K, 0% used [0x00000000f2c00000,0x00000000f2c00000,0x00000000f5980000)
 ParOldGen       total 320512K, used 111555K [0x00000000a0000000, 0x00000000b3900000, 0x00000000e0000000)
  object space 320512K, 34% used [0x00000000a0000000,0x00000000a6cf0ff0,0x00000000b3900000)
 Metaspace       used 213522K, capacity 227284K, committed 263040K, reserved 1275904K
  class space    used 27520K, capacity 29799K, committed 36352K, reserved 1048576K
GC Heap History (10 events):
Event: 15047.855 GC heap before
{Heap before GC invocations=64 (full 6):
 PSYoungGen      total 301568K, used 263383K [0x00000000e0000000, 0x00000000f6b00000, 0x0000000100000000)
  eden space 247296K, 100% used [0x00000000e0000000,0x00000000ef180000,0x00000000ef180000)
  from space 54272K, 29% used [0x00000000ef180000,0x00000000f0135e48,0x00000000f2680000)
  to   space 52736K, 0% used [0x00000000f3780000,0x00000000f3780000,0x00000000f6b00000)
 ParOldGen       total 320512K, used 111531K [0x00000000a0000000, 0x00000000b3900000, 0x00000000e0000000)
  object space 320512K, 34% used [0x00000000a0000000,0x00000000a6ceaff0,0x00000000b3900000)
 Metaspace       used 203217K, capacity 215904K, committed 263040K, reserved 1275904K
  class space    used 26182K, capacity 28311K, committed 36352K, reserved 1048576K
Event: 15048.080 GC heap after
Heap after GC invocations=64 (full 6):
 PSYoungGen      total 311808K, used 30607K [0x00000000e0000000, 0x00000000f6700000, 0x0000000100000000)
  eden space 263168K, 0% used [0x00000000e0000000,0x00000000e0000000,0x00000000f0100000)
  from space 48640K, 62% used [0x00000000f3780000,0x00000000f5563c80,0x00000000f6700000)
  to   space 52224K, 0% used [0x00000000f0100000,0x00000000f0100000,0x00000000f3400000)
 ParOldGen       total 320512K, used 111539K [0x00000000a0000000, 0x00000000b3900000, 0x00000000e0000000)
  object space 320512K, 34% used [0x00000000a0000000,0x00000000a6cecff0,0x00000000b3900000)
 Metaspace       used 203217K, capacity 215904K, committed 263040K, reserved 1275904K
  class space    used 26182K, capacity 28311K, committed 36352K, reserved 1048576K
}
Event: 15074.235 GC heap before
{Heap before GC invocations=65 (full 6):
 PSYoungGen      total 311808K, used 293775K [0x00000000e0000000, 0x00000000f6700000, 0x0000000100000000)
  eden space 263168K, 100% used [0x00000000e0000000,0x00000000f0100000,0x00000000f0100000)
  from space 48640K, 62% used [0x00000000f3780000,0x00000000f5563c80,0x00000000f6700000)
  to   space 52224K, 0% used [0x00000000f0100000,0x00000000f0100000,0x00000000f3400000)
 ParOldGen       total 320512K, used 111539K [0x00000000a0000000, 0x00000000b3900000, 0x00000000e0000000)
  object space 320512K, 34% used [0x00000000a0000000,0x00000000a6cecff0,0x00000000b3900000)
 Metaspace       used 203988K, capacity 216710K, committed 263040K, reserved 1275904K
  class space    used 26262K, capacity 28420K, committed 36352K, reserved 1048576K
Event: 15074.290 GC heap after
Heap after GC invocations=65 (full 6):
 PSYoungGen      total 315392K, used 16579K [0x00000000e0000000, 0x00000000f7380000, 0x0000000100000000)
  eden space 263168K, 0% used [0x00000000e0000000,0x00000000e0000000,0x00000000f0100000)
  from space 52224K, 31% used [0x00000000f0100000,0x00000000f1130e78,0x00000000f3400000)
  to   space 51200K, 0% used [0x00000000f4180000,0x00000000f4180000,0x00000000f7380000)
 ParOldGen       total 320512K, used 111539K [0x00000000a0000000, 0x00000000b3900000, 0x00000000e0000000)
  object space 320512K, 34% used [0x00000000a0000000,0x00000000a6cecff0,0x00000000b3900000)
 Metaspace       used 203988K, capacity 216710K, committed 263040K, reserved 1275904K
  class space    used 26262K, capacity 28420K, committed 36352K, reserved 1048576K
}
Event: 15155.706 GC heap before
{Heap before GC invocations=66 (full 6):
 PSYoungGen      total 315392K, used 279747K [0x00000000e0000000, 0x00000000f7380000, 0x0000000100000000)
  eden space 263168K, 100% used [0x00000000e0000000,0x00000000f0100000,0x00000000f0100000)
  from space 52224K, 31% used [0x00000000f0100000,0x00000000f1130e78,0x00000000f3400000)
  to   space 51200K, 0% used [0x00000000f4180000,0x00000000f4180000,0x00000000f7380000)
 ParOldGen       total 320512K, used 111539K [0x00000000a0000000, 0x00000000b3900000, 0x00000000e0000000)
  object space 320512K, 34% used [0x00000000a0000000,0x00000000a6cecff0,0x00000000b3900000)
 Metaspace       used 210835K, capacity 224006K, committed 263040K, reserved 1275904K
  class space    used 27204K, capacity 29418K, committed 36352K, reserved 1048576K
Event: 15156.715 GC heap after
Heap after GC invocations=66 (full 6):
 PSYoungGen      total 325120K, used 27922K [0x00000000e0000000, 0x00000000f7000000, 0x0000000100000000)
  eden space 277504K, 0% used [0x00000000e0000000,0x00000000e0000000,0x00000000f0f00000)
  from space 47616K, 58% used [0x00000000f4180000,0x00000000f5cc4b40,0x00000000f7000000)
  to   space 49664K, 0% used [0x00000000f0f00000,0x00000000f0f00000,0x00000000f3f80000)
 ParOldGen       total 320512K, used 111547K [0x00000000a0000000, 0x00000000b3900000, 0x00000000e0000000)
  object space 320512K, 34% used [0x00000000a0000000,0x00000000a6ceeff0,0x00000000b3900000)
 Metaspace       used 210835K, capacity 224006K, committed 263040K, reserved 1275904K
  class space    used 27204K, capacity 29418K, committed 36352K, reserved 1048576K
}
Event: 15229.105 GC heap before
{Heap before GC invocations=67 (full 6):
 PSYoungGen      total 325120K, used 305426K [0x00000000e0000000, 0x00000000f7000000, 0x0000000100000000)
  eden space 277504K, 100% used [0x00000000e0000000,0x00000000f0f00000,0x00000000f0f00000)
  from space 47616K, 58% used [0x00000000f4180000,0x00000000f5cc4b40,0x00000000f7000000)
  to   space 49664K, 0% used [0x00000000f0f00000,0x00000000f0f00000,0x00000000f3f80000)
 ParOldGen       total 320512K, used 111547K [0x00000000a0000000, 0x00000000b3900000, 0x00000000e0000000)
  object space 320512K, 34% used [0x00000000a0000000,0x00000000a6ceeff0,0x00000000b3900000)
 Metaspace       used 212827K, capacity 226474K, committed 263040K, reserved 1275904K
  class space    used 27456K, capacity 29720K, committed 36352K, reserved 1048576K
Event: 15232.367 GC heap after
Heap after GC invocations=67 (full 6):
 PSYoungGen      total 327168K, used 26048K [0x00000000e0000000, 0x00000000f8880000, 0x0000000100000000)
  eden space 277504K, 0% used [0x00000000e0000000,0x00000000e0000000,0x00000000f0f00000)
  from space 49664K, 52% used [0x00000000f0f00000,0x00000000f2870178,0x00000000f3f80000)
  to   space 48128K, 0% used [0x00000000f5980000,0x00000000f5980000,0x00000000f8880000)
 ParOldGen       total 320512K, used 111555K [0x00000000a0000000, 0x00000000b3900000, 0x00000000e0000000)
  object space 320512K, 34% used [0x00000000a0000000,0x00000000a6cf0ff0,0x00000000b3900000)
 Metaspace       used 212827K, capacity 226474K, committed 263040K, reserved 1275904K
  class space    used 27456K, capacity 29720K, committed 36352K, reserved 1048576K
}
Event: 15241.305 GC heap before
{Heap before GC invocations=68 (full 6):
 PSYoungGen      total 327168K, used 303552K [0x00000000e0000000, 0x00000000f8880000, 0x0000000100000000)
  eden space 277504K, 100% used [0x00000000e0000000,0x00000000f0f00000,0x00000000f0f00000)
  from space 49664K, 52% used [0x00000000f0f00000,0x00000000f2870178,0x00000000f3f80000)
  to   space 48128K, 0% used [0x00000000f5980000,0x00000000f5980000,0x00000000f8880000)
 ParOldGen       total 320512K, used 111555K [0x00000000a0000000, 0x00000000b3900000, 0x00000000e0000000)
  object space 320512K, 34% used [0x00000000a0000000,0x00000000a6cf0ff0,0x00000000b3900000)
 Metaspace       used 213430K, capacity 227212K, committed 263040K, reserved 1275904K
  class space    used 27506K, capacity 29799K, committed 36352K, reserved 1048576K
Event: 15241.656 GC heap after
Heap after GC invocations=68 (full 6):
 PSYoungGen      total 355328K, used 26322K [0x00000000e0000000, 0x00000000f8a00000, 0x0000000100000000)
  eden space 307200K, 0% used [0x00000000e0000000,0x00000000e0000000,0x00000000f2c00000)
  from space 48128K, 54% used [0x00000000f5980000,0x00000000f7334930,0x00000000f8880000)
  to   space 46592K, 0% used [0x00000000f2c00000,0x00000000f2c00000,0x00000000f5980000)
 ParOldGen       total 320512K, used 111555K [0x00000000a0000000, 0x00000000b3900000, 0x00000000e0000000)
  object space 320512K, 34% used [0x00000000a0000000,0x00000000a6cf0ff0,0x00000000b3900000)
 Metaspace       used 213430K, capacity 227212K, committed 263040K, reserved 1275904K
  class space    used 27506K, capacity 29799K, committed 36352K, reserved 1048576K
}

